--- MIS -r 1 ../graphData/data/randLocalGraph_J_5_5000000 ---
P       base            record                  replayP
==========================              1               2               4               6               8
1       1.69(0.00)      14.46(0.11)     14.17(1.23)     12.26(1.69)     8.62(0.49)      7.25(0.68)      7.62(0.56)
2       1.48(0.03)      14.94(1.21)     14.52(1.64)     12.44(1.39)     7.12(0.70)      6.16(0.71)      6.05(0.63)
4       1.00(0.01)      7.63(0.94)      14.80(1.93)     11.53(0.86)     6.30(0.37)      5.03(0.49)      4.76(0.61)
6       0.86(0.02)      6.02(0.17)      13.42(0.53)     11.94(0.98)     5.96(0.71)      4.82(0.39)      4.01(0.47)
8       0.80(0.01)      5.21(0.42)      14.74(2.08)     11.62(0.99)     6.00(0.47)      4.76(0.32)      4.20(0.28)

-------------------------/home/rob/devel/cilkplus-tests
--- matching -r 1 ../graphData/data/randLocalGraph_E_5_5000000 ---
P       base            record                  replayP
==========================              1               2               4               6               8
1       4.06(0.02)      39.14(0.24)     39.75(4.95)     38.33(3.78)     15.74(1.99)     12.25(0.79)     9.22(1.16)
2       2.92(0.02)      34.40(2.90)     40.67(5.97)     35.01(2.80)     15.25(2.05)     11.59(0.84)     8.89(0.83)
4       1.75(0.02)      17.34(1.94)     41.91(7.58)     36.12(2.49)     15.87(1.73)     11.06(1.17)     9.09(1.05)
6       1.36(0.01)      11.50(0.75)     39.04(3.50)     33.80(4.95)     16.20(0.78)     10.95(0.67)     8.89(0.99)
8       1.18(0.01)      10.16(0.45)     43.28(6.79)     33.21(3.49)     15.98(0.99)     10.90(1.30)     8.68(0.72)

-------------------------/home/rob/devel/cilkplus-tests
--- BFS -r 1 ../graphData/data/randLocalGraph_J_5_5000000 ---
P       base            record                  replayP
==========================              1               2               4               6               8
1       4.92(0.03)      33.52(0.56)     33.59(1.00)     65.38(2.93)     78.80(2.35)     76.03(2.70)     74.55(3.35)
2       3.36(0.06)      25.16(1.12)     35.55(5.46)     32.87(1.11)     33.63(1.50)     33.32(1.17)     32.13(1.47)
4       2.00(0.03)      14.22(1.10)     36.09(6.45)     32.51(2.78)     16.11(0.60)     16.42(1.08)     16.85(0.96)
6       1.53(0.03)      9.53(0.46)      41.31(7.50)     32.08(2.58)     14.86(0.41)     10.87(0.52)     11.20(0.73)
8       1.35(0.06)      8.15(0.42)      38.89(7.85)     32.00(2.35)     14.27(0.48)     9.72(0.50)      8.08(0.49)

-------------------------/home/rob/devel/cilkplus-tests
--- refine -r 1 ../geometryData/data/2DinCubeDelaunay_1000000 ---
P       base            record                  replayP
==========================              1               2               4               6               8
1       13.07(0.55)     30.96(0.70)     23.59(3.27)     22.80(0.90)     19.05(0.57)     17.59(0.54)     17.22(0.66)
2       12.43(0.25)     33.56(0.84)     22.70(2.70)     22.97(1.01)     18.62(0.53)     17.18(0.51)     16.66(0.48)
4       9.82(0.04)      22.14(1.23)     23.87(2.30)     22.63(1.35)     18.35(0.52)     17.11(0.50)     16.19(0.53)
6       9.00(0.08)      19.98(0.55)     22.81(2.46)     22.63(0.86)     18.34(0.27)     17.25(0.58)     16.04(0.89)
8       8.45(0.01)      18.94(0.65)     22.89(1.92)     22.75(1.74)     18.13(0.58)     17.19(0.54)     16.15(0.56)

-------------------------/home/rob/devel/cilkplus-tests
--- dict -r 1 ../sequenceData/data/randomSeq_10M_100K_int  ---
P       base            record                  replayP
==========================              1               2               4               6               8
1       0.53(0.01)      7.23(0.61)      4.80(0.20)      5.19(0.31)      5.41(0.22)      5.65(0.14)      5.80(0.15)
2       0.94(0.05)      6.41(0.16)      4.87(0.22)      4.57(0.33)      4.08(0.18)      4.34(0.22)      4.33(0.18)
4       0.88(0.02)      4.11(0.24)      4.90(0.27)      4.55(0.30)      3.31(0.17)      3.19(0.09)      3.17(0.15)
6       0.84(0.01)      3.29(0.09)      4.98(0.29)      4.38(0.22)      3.21(0.12)      2.85(0.29)      2.82(0.11)
8       0.78(0.00)      3.13(0.16)      4.99(0.32)      4.47(0.26)      3.23(0.13)      2.88(0.10)      2.61(0.07)

-------------------------/home/rob/devel/cilkplus-tests
--- chess-cover-locking  ---
P       base            record                  replayP
==========================              1               2               4               6               8
1       87.03(0.03)     87.12(0.07)     86.92(0.07)     31.81(0.29)     16.41(0.21)     10.83(0.12)     8.18(0.09)
2       42.46(0.07)     42.49(0.04)     83.12(0.08)     31.96(0.48)     15.90(0.06)     10.66(0.04)     8.00(0.03)
4       19.19(0.32)     18.79(0.51)     68.32(0.03)     32.37(0.49)     15.78(0.04)     10.58(0.02)     8.01(0.05)
6       11.80(0.12)     11.89(0.15)     70.10(0.02)     32.00(0.47)     15.79(0.04)     10.60(0.02)     8.01(0.04)
8       8.55(0.11)      8.59(0.11)      66.46(0.01)     31.52(0.15)     15.74(0.03)     10.55(0.04)     7.97(0.05)

-------------------------/home/rob/devel/cilkplus-tests
/home/rob/devel/cilkrecord/bench
--- run.sh large ---
P       base            record                  replayP
==========================              1               2               4               6               8               10              12              14              16
1       9.10(0.05)      9.05(0.06)      9.06(0.07)      4.93(0.02)      2.56(0.04)      1.80(0.03)      1.38(0.02)      1.17(0.02)      1.02(0.02)      0.92(0.03)      0.83(0.02)
2       4.96(0.05)      4.92(0.03)      9.10(0.08)      4.96(0.05)      2.57(0.02)      1.78(0.02)      1.40(0.03)      1.18(0.02)      1.03(0.03)      0.93(0.05)      0.82(0.01)
4       2.55(0.06)      2.55(0.04)      9.10(0.07)      4.95(0.04)      2.57(0.02)      1.78(0.02)      1.40(0.01)      1.17(0.01)      1.03(0.03)      0.91(0.03)      0.83(0.02)
6       1.79(0.05)      1.78(0.04)      9.09(0.06)      4.96(0.03)      2.57(0.02)      1.78(0.01)      1.40(0.03)      1.16(0.02)      1.04(0.03)      0.92(0.02)      0.83(0.02)
8       1.40(0.01)      1.42(0.02)      9.11(0.09)      4.96(0.03)      2.57(0.03)      1.77(0.02)      1.41(0.03)      1.18(0.03)      1.01(0.02)      0.92(0.03)      0.83(0.02)
10      1.17(0.02)      1.18(0.04)      9.10(0.07)      4.92(0.05)      2.56(0.02)      1.78(0.03)      1.39(0.02)      1.18(0.03)      1.02(0.03)      0.92(0.04)      0.82(0.01)
12      1.03(0.05)      1.01(0.01)      9.08(0.06)      4.96(0.03)      2.57(0.03)      1.78(0.02)      1.40(0.04)      1.17(0.02)      1.03(0.02)      0.90(0.03)      0.83(0.03)
14      0.97(0.03)      0.90(0.01)      9.09(0.05)      4.96(0.03)      2.57(0.03)      1.78(0.02)      1.40(0.03)      1.18(0.02)      1.03(0.02)      0.91(0.02)      0.82(0.01)
16      0.83(0.01)      0.81(0.01)      9.09(0.07)      4.98(0.05)      2.58(0.04)      1.78(0.03)      1.39(0.02)      1.17(0.02)      1.02(0.02)      0.92(0.03)      0.82(0.02)
-------------------------/home/rob/devel/cilkrecord/bench
--- run.sh native ---
P       base            record                  replayP
==========================              1               2               4               6               8               10              12              14              16
1       37.00(1.76)     29.98(0.07)     29.28(0.12)     16.26(0.06)     9.64(0.04)      8.12(0.08)      8.14(0.03)      7.68(0.10)      7.70(0.03)      7.68(0.02)      7.80(0.03)
2       21.68(0.01)     16.71(0.06)     29.66(0.18)     16.07(0.05)     9.62(0.04)      8.09(0.04)      8.12(0.03)      7.71(0.03)      7.72(0.01)      7.72(0.03)      7.86(0.02)
4       12.56(0.05)     9.98(0.03)      29.82(0.16)     16.09(0.04)     9.48(0.04)      8.02(0.03)      8.05(0.03)      7.63(0.03)      7.67(0.04)      7.67(0.03)      7.76(0.02)
6       9.80(0.12)      8.41(0.04)      29.61(0.06)     16.19(0.07)     9.51(0.03)      7.99(0.02)      8.04(0.02)      7.60(0.03)      7.67(0.03)      7.67(0.03)      7.76(0.02)
8       8.76(0.03)      8.20(0.03)      29.72(0.12)     16.19(0.05)     9.52(0.04)      7.98(0.07)      8.04(0.04)      7.62(0.02)      7.66(0.02)      7.65(0.05)      7.77(0.03)
10      8.39(0.06)      7.78(0.02)      29.70(0.13)     16.17(0.05)     9.54(0.03)      8.01(0.03)      8.04(0.04)      7.61(0.02)      7.66(0.02)      7.64(0.02)      7.76(0.02)
12      8.33(0.02)      7.84(0.07)      29.68(0.14)     16.18(0.06)     9.52(0.03)      8.00(0.03)      8.02(0.04)      7.61(0.02)      7.67(0.03)      7.67(0.03)      7.78(0.03)
14      8.24(0.06)      7.76(0.01)      30.25(0.60)     16.32(0.33)     9.54(0.04)      7.98(0.04)      8.03(0.03)      7.61(0.03)      7.64(0.03)      7.66(0.04)      7.74(0.02)
16      8.33(0.02)      7.82(0.03)      29.76(0.16)     16.17(0.07)     9.53(0.07)      8.02(0.03)      8.05(0.03)      7.61(0.03)      7.67(0.03)      7.67(0.03)      7.78(0.02)
