This file contains any messages produced by compilers while
running configure, to aid debugging if configure makes a mistake.

It was created by Cilk Runtime configure 2.0, which was
generated by GNU Autoconf 2.69.  Invocation command line was

  $ ./configure --prefix=/project/adams/home/xuyifan/ppopp18_ae/piper-rts CC=/project/adams/home/xuyifan/ppopp18_ae/llvm-cilk/bin/clang CXX=/project/adams/home/xuyifan/ppopp18_ae/llvm-cilk/bin/clang++ --no-create --no-recursion

## --------- ##
## Platform. ##
## --------- ##

hostname = adams.cse.wustl.edu
uname -m = x86_64
uname -r = 3.10.0-514.2.2.el7.x86_64
uname -s = Linux
uname -v = #1 SMP Tue Dec 6 23:06:41 UTC 2016

/usr/bin/uname -p = x86_64
/bin/uname -X     = unknown

/bin/arch              = x86_64
/usr/bin/arch -k       = unknown
/usr/convex/getsysinfo = unknown
/usr/bin/hostinfo      = unknown
/bin/machine           = unknown
/usr/bin/oslevel       = unknown
/bin/universe          = unknown

PATH: /project/adams/home/xuyifan/tools/tmux/bin
PATH: /usr/lib64/ccache
PATH: /usr/local/bin
PATH: /usr/bin
PATH: /usr/local/sbin
PATH: /usr/sbin
PATH: /project/adams/home/xuyifan/.local/bin
PATH: /project/adams/home/xuyifan/bin


## ----------- ##
## Core tests. ##
## ----------- ##

configure:2295: checking for a BSD-compatible install
configure:2363: result: /usr/bin/install -c
configure:2374: checking whether build environment is sane
configure:2429: result: yes
configure:2580: checking for a thread-safe mkdir -p
configure:2619: result: /usr/bin/mkdir -p
configure:2626: checking for gawk
configure:2642: found /usr/bin/gawk
configure:2653: result: gawk
configure:2664: checking whether make sets $(MAKE)
configure:2686: result: yes
configure:2715: checking whether make supports nested variables
configure:2732: result: yes
configure:2813: checking build system type
configure:2827: result: x86_64-unknown-linux-gnu
configure:2847: checking host system type
configure:2860: result: x86_64-unknown-linux-gnu
configure:3295: checking for C++ compiler version
configure:3304: /project/adams/home/xuyifan/ppopp18_ae/llvm-cilk/bin/clang++ --version >&5
Clang Front-End version 3.4.1 (https://gitlab.com/wustl-pctg-pub/clang-cilk.git 8538d92c77cea9cba0cec1163a57f6d1768531d9) (https://gitlab.com/wustl-pctg-pub/llvm-cilk.git a7582a488514e1e0c5cbebafffdaeaf0120095ad)
Target: x86_64-unknown-linux-gnu
Thread model: posix
configure:3315: $? = 0
configure:3304: /project/adams/home/xuyifan/ppopp18_ae/llvm-cilk/bin/clang++ -v >&5
Clang Front-End version 3.4.1 (https://gitlab.com/wustl-pctg-pub/clang-cilk.git 8538d92c77cea9cba0cec1163a57f6d1768531d9) (https://gitlab.com/wustl-pctg-pub/llvm-cilk.git a7582a488514e1e0c5cbebafffdaeaf0120095ad)
Target: x86_64-unknown-linux-gnu
Thread model: posix
Found candidate GCC installation: /usr/lib/gcc/x86_64-redhat-linux/4.8.2
Found candidate GCC installation: /usr/lib/gcc/x86_64-redhat-linux/4.8.5
Selected GCC installation: /usr/lib/gcc/x86_64-redhat-linux/4.8.5
configure:3315: $? = 0
configure:3304: /project/adams/home/xuyifan/ppopp18_ae/llvm-cilk/bin/clang++ -V >&5
clang: error: argument to '-V' is missing (expected 1 value)
clang: error: no input files
configure:3315: $? = 1
configure:3304: /project/adams/home/xuyifan/ppopp18_ae/llvm-cilk/bin/clang++ -qversion >&5
clang: error: unknown argument: '-qversion'
clang: error: no input files
configure:3315: $? = 1
configure:3335: checking whether the C++ compiler works
configure:3357: /project/adams/home/xuyifan/ppopp18_ae/llvm-cilk/bin/clang++    conftest.cpp  >&5
configure:3361: $? = 0
configure:3409: result: yes
configure:3412: checking for C++ compiler default output file name
configure:3414: result: a.out
configure:3420: checking for suffix of executables
configure:3427: /project/adams/home/xuyifan/ppopp18_ae/llvm-cilk/bin/clang++ -o conftest    conftest.cpp  >&5
configure:3431: $? = 0
configure:3453: result: 
configure:3475: checking whether we are cross compiling
configure:3483: /project/adams/home/xuyifan/ppopp18_ae/llvm-cilk/bin/clang++ -o conftest    conftest.cpp  >&5
configure:3487: $? = 0
configure:3494: ./conftest
configure:3498: $? = 0
configure:3513: result: no
configure:3518: checking for suffix of object files
configure:3540: /project/adams/home/xuyifan/ppopp18_ae/llvm-cilk/bin/clang++ -c   conftest.cpp >&5
configure:3544: $? = 0
configure:3565: result: o
configure:3569: checking whether we are using the GNU C++ compiler
configure:3588: /project/adams/home/xuyifan/ppopp18_ae/llvm-cilk/bin/clang++ -c   conftest.cpp >&5
configure:3588: $? = 0
configure:3597: result: yes
configure:3606: checking whether /project/adams/home/xuyifan/ppopp18_ae/llvm-cilk/bin/clang++ accepts -g
configure:3626: /project/adams/home/xuyifan/ppopp18_ae/llvm-cilk/bin/clang++ -c -g  conftest.cpp >&5
configure:3626: $? = 0
configure:3667: result: yes
configure:3701: checking for style of include used by make
configure:3729: result: GNU
configure:3755: checking dependency style of /project/adams/home/xuyifan/ppopp18_ae/llvm-cilk/bin/clang++
configure:3866: result: gcc3
configure:3929: checking for gcc
configure:3956: result: /project/adams/home/xuyifan/ppopp18_ae/llvm-cilk/bin/clang
configure:4185: checking for C compiler version
configure:4194: /project/adams/home/xuyifan/ppopp18_ae/llvm-cilk/bin/clang --version >&5
Clang Front-End version 3.4.1 (https://gitlab.com/wustl-pctg-pub/clang-cilk.git 8538d92c77cea9cba0cec1163a57f6d1768531d9) (https://gitlab.com/wustl-pctg-pub/llvm-cilk.git a7582a488514e1e0c5cbebafffdaeaf0120095ad)
Target: x86_64-unknown-linux-gnu
Thread model: posix
configure:4205: $? = 0
configure:4194: /project/adams/home/xuyifan/ppopp18_ae/llvm-cilk/bin/clang -v >&5
Clang Front-End version 3.4.1 (https://gitlab.com/wustl-pctg-pub/clang-cilk.git 8538d92c77cea9cba0cec1163a57f6d1768531d9) (https://gitlab.com/wustl-pctg-pub/llvm-cilk.git a7582a488514e1e0c5cbebafffdaeaf0120095ad)
Target: x86_64-unknown-linux-gnu
Thread model: posix
Found candidate GCC installation: /usr/lib/gcc/x86_64-redhat-linux/4.8.2
Found candidate GCC installation: /usr/lib/gcc/x86_64-redhat-linux/4.8.5
Selected GCC installation: /usr/lib/gcc/x86_64-redhat-linux/4.8.5
configure:4205: $? = 0
configure:4194: /project/adams/home/xuyifan/ppopp18_ae/llvm-cilk/bin/clang -V >&5
clang: error: argument to '-V' is missing (expected 1 value)
clang: error: no input files
configure:4205: $? = 1
configure:4194: /project/adams/home/xuyifan/ppopp18_ae/llvm-cilk/bin/clang -qversion >&5
clang: error: unknown argument: '-qversion'
clang: error: no input files
configure:4205: $? = 1
configure:4209: checking whether we are using the GNU C compiler
configure:4228: /project/adams/home/xuyifan/ppopp18_ae/llvm-cilk/bin/clang -c   conftest.c >&5
configure:4228: $? = 0
configure:4237: result: yes
configure:4246: checking whether /project/adams/home/xuyifan/ppopp18_ae/llvm-cilk/bin/clang accepts -g
configure:4266: /project/adams/home/xuyifan/ppopp18_ae/llvm-cilk/bin/clang -c -g  conftest.c >&5
configure:4266: $? = 0
configure:4307: result: yes
configure:4324: checking for /project/adams/home/xuyifan/ppopp18_ae/llvm-cilk/bin/clang option to accept ISO C89
configure:4387: /project/adams/home/xuyifan/ppopp18_ae/llvm-cilk/bin/clang  -c -g -O2  conftest.c >&5
configure:4387: $? = 0
configure:4400: result: none needed
configure:4422: checking dependency style of /project/adams/home/xuyifan/ppopp18_ae/llvm-cilk/bin/clang
configure:4533: result: gcc3
configure:4594: checking how to print strings
configure:4621: result: printf
configure:4642: checking for a sed that does not truncate output
configure:4706: result: /usr/bin/sed
configure:4724: checking for grep that handles long lines and -e
configure:4782: result: /usr/bin/grep
configure:4787: checking for egrep
configure:4849: result: /usr/bin/grep -E
configure:4854: checking for fgrep
configure:4916: result: /usr/bin/grep -F
configure:4951: checking for ld used by /project/adams/home/xuyifan/ppopp18_ae/llvm-cilk/bin/clang
configure:5018: result: /usr/local/bin/ld
configure:5025: checking if the linker (/usr/local/bin/ld) is GNU ld
configure:5040: result: yes
configure:5052: checking for BSD- or MS-compatible name lister (nm)
configure:5101: result: /usr/local/bin/nm -B
configure:5231: checking the name lister (/usr/local/bin/nm -B) interface
configure:5238: /project/adams/home/xuyifan/ppopp18_ae/llvm-cilk/bin/clang -c -g -O2  conftest.c >&5
configure:5241: /usr/local/bin/nm -B "conftest.o"
configure:5244: output
0000000000000000 B some_variable
configure:5251: result: BSD nm
configure:5254: checking whether ln -s works
configure:5258: result: yes
configure:5266: checking the maximum length of command line arguments
configure:5396: result: 1572864
configure:5413: checking whether the shell understands some XSI constructs
configure:5423: result: yes
configure:5427: checking whether the shell understands "+="
configure:5433: result: yes
configure:5468: checking how to convert x86_64-unknown-linux-gnu file names to x86_64-unknown-linux-gnu format
configure:5508: result: func_convert_file_noop
configure:5515: checking how to convert x86_64-unknown-linux-gnu file names to toolchain format
configure:5535: result: func_convert_file_noop
configure:5542: checking for /usr/local/bin/ld option to reload object files
configure:5549: result: -r
configure:5623: checking for objdump
configure:5650: result: objdump
configure:5679: checking how to recognize dependent libraries
configure:5881: result: pass_all
configure:5966: checking for dlltool
configure:5993: result: dlltool
configure:6023: checking how to associate runtime and link libraries
configure:6050: result: printf %s\n
configure:6111: checking for ar
configure:6127: found /usr/local/bin/ar
configure:6138: result: ar
configure:6175: checking for archiver @FILE support
configure:6192: /project/adams/home/xuyifan/ppopp18_ae/llvm-cilk/bin/clang -c -g -O2  conftest.c >&5
configure:6192: $? = 0
configure:6195: ar cru libconftest.a @conftest.lst >&5
configure:6198: $? = 0
configure:6203: ar cru libconftest.a @conftest.lst >&5
ar: conftest.o: No such file or directory
configure:6206: $? = 1
configure:6218: result: @
configure:6276: checking for strip
configure:6292: found /usr/local/bin/strip
configure:6303: result: strip
configure:6375: checking for ranlib
configure:6391: found /usr/local/bin/ranlib
configure:6402: result: ranlib
configure:6504: checking command to parse /usr/local/bin/nm -B output from /project/adams/home/xuyifan/ppopp18_ae/llvm-cilk/bin/clang object
configure:6624: /project/adams/home/xuyifan/ppopp18_ae/llvm-cilk/bin/clang -c -g -O2  conftest.c >&5
configure:6627: $? = 0
configure:6631: /usr/local/bin/nm -B conftest.o \| sed -n -e 's/^.*[ ]\([ABCDGIRSTW][ABCDGIRSTW]*\)[ ][ ]*\([_A-Za-z][_A-Za-z0-9]*\)$/\1 \2 \2/p' | sed '/ __gnu_lto/d' \> conftest.nm
configure:6634: $? = 0
configure:6700: /project/adams/home/xuyifan/ppopp18_ae/llvm-cilk/bin/clang -o conftest -g -O2   conftest.c conftstm.o >&5
configure:6703: $? = 0
configure:6741: result: ok
configure:6778: checking for sysroot
configure:6808: result: no
configure:6885: /project/adams/home/xuyifan/ppopp18_ae/llvm-cilk/bin/clang -c -g -O2  conftest.c >&5
configure:6888: $? = 0
configure:7064: checking for mt
configure:7094: result: no
configure:7114: checking if : is a manifest tool
configure:7120: : '-?'
configure:7128: result: no
configure:7770: checking how to run the C preprocessor
configure:7801: /project/adams/home/xuyifan/ppopp18_ae/llvm-cilk/bin/clang -E  conftest.c
configure:7801: $? = 0
configure:7815: /project/adams/home/xuyifan/ppopp18_ae/llvm-cilk/bin/clang -E  conftest.c
conftest.c:9:10: fatal error: 'ac_nonexistent.h' file not found
#include <ac_nonexistent.h>
         ^
1 error generated.
configure:7815: $? = 1
configure: failed program was:
| /* confdefs.h */
| #define PACKAGE_NAME "Cilk Runtime"
| #define PACKAGE_TARNAME "cilk-runtime"
| #define PACKAGE_VERSION "2.0"
| #define PACKAGE_STRING "Cilk Runtime 2.0"
| #define PACKAGE_BUGREPORT "cilk@intel.com"
| #define PACKAGE_URL ""
| /* end confdefs.h.  */
| #include <ac_nonexistent.h>
configure:7840: result: /project/adams/home/xuyifan/ppopp18_ae/llvm-cilk/bin/clang -E
configure:7860: /project/adams/home/xuyifan/ppopp18_ae/llvm-cilk/bin/clang -E  conftest.c
configure:7860: $? = 0
configure:7874: /project/adams/home/xuyifan/ppopp18_ae/llvm-cilk/bin/clang -E  conftest.c
conftest.c:9:10: fatal error: 'ac_nonexistent.h' file not found
#include <ac_nonexistent.h>
         ^
1 error generated.
configure:7874: $? = 1
configure: failed program was:
| /* confdefs.h */
| #define PACKAGE_NAME "Cilk Runtime"
| #define PACKAGE_TARNAME "cilk-runtime"
| #define PACKAGE_VERSION "2.0"
| #define PACKAGE_STRING "Cilk Runtime 2.0"
| #define PACKAGE_BUGREPORT "cilk@intel.com"
| #define PACKAGE_URL ""
| /* end confdefs.h.  */
| #include <ac_nonexistent.h>
configure:7903: checking for ANSI C header files
configure:7923: /project/adams/home/xuyifan/ppopp18_ae/llvm-cilk/bin/clang -c -g -O2  conftest.c >&5
configure:7923: $? = 0
configure:7996: /project/adams/home/xuyifan/ppopp18_ae/llvm-cilk/bin/clang -o conftest -g -O2   conftest.c  >&5
configure:7996: $? = 0
configure:7996: ./conftest
configure:7996: $? = 0
configure:8007: result: yes
configure:8020: checking for sys/types.h
configure:8020: /project/adams/home/xuyifan/ppopp18_ae/llvm-cilk/bin/clang -c -g -O2  conftest.c >&5
configure:8020: $? = 0
configure:8020: result: yes
configure:8020: checking for sys/stat.h
configure:8020: /project/adams/home/xuyifan/ppopp18_ae/llvm-cilk/bin/clang -c -g -O2  conftest.c >&5
configure:8020: $? = 0
configure:8020: result: yes
configure:8020: checking for stdlib.h
configure:8020: /project/adams/home/xuyifan/ppopp18_ae/llvm-cilk/bin/clang -c -g -O2  conftest.c >&5
configure:8020: $? = 0
configure:8020: result: yes
configure:8020: checking for string.h
configure:8020: /project/adams/home/xuyifan/ppopp18_ae/llvm-cilk/bin/clang -c -g -O2  conftest.c >&5
configure:8020: $? = 0
configure:8020: result: yes
configure:8020: checking for memory.h
configure:8020: /project/adams/home/xuyifan/ppopp18_ae/llvm-cilk/bin/clang -c -g -O2  conftest.c >&5
configure:8020: $? = 0
configure:8020: result: yes
configure:8020: checking for strings.h
configure:8020: /project/adams/home/xuyifan/ppopp18_ae/llvm-cilk/bin/clang -c -g -O2  conftest.c >&5
configure:8020: $? = 0
configure:8020: result: yes
configure:8020: checking for inttypes.h
configure:8020: /project/adams/home/xuyifan/ppopp18_ae/llvm-cilk/bin/clang -c -g -O2  conftest.c >&5
configure:8020: $? = 0
configure:8020: result: yes
configure:8020: checking for stdint.h
configure:8020: /project/adams/home/xuyifan/ppopp18_ae/llvm-cilk/bin/clang -c -g -O2  conftest.c >&5
configure:8020: $? = 0
configure:8020: result: yes
configure:8020: checking for unistd.h
configure:8020: /project/adams/home/xuyifan/ppopp18_ae/llvm-cilk/bin/clang -c -g -O2  conftest.c >&5
configure:8020: $? = 0
configure:8020: result: yes
configure:8034: checking for dlfcn.h
configure:8034: /project/adams/home/xuyifan/ppopp18_ae/llvm-cilk/bin/clang -c -g -O2  conftest.c >&5
configure:8034: $? = 0
configure:8034: result: yes
configure:8249: checking for objdir
configure:8264: result: .libs
configure:8535: checking if /project/adams/home/xuyifan/ppopp18_ae/llvm-cilk/bin/clang supports -fno-rtti -fno-exceptions
configure:8553: /project/adams/home/xuyifan/ppopp18_ae/llvm-cilk/bin/clang -c -g -O2  -fno-rtti -fno-exceptions conftest.c >&5
configure:8557: $? = 0
configure:8570: result: yes
configure:8897: checking for /project/adams/home/xuyifan/ppopp18_ae/llvm-cilk/bin/clang option to produce PIC
configure:8904: result: -fPIC -DPIC
configure:8912: checking if /project/adams/home/xuyifan/ppopp18_ae/llvm-cilk/bin/clang PIC flag -fPIC -DPIC works
configure:8930: /project/adams/home/xuyifan/ppopp18_ae/llvm-cilk/bin/clang -c -g -O2  -fPIC -DPIC -DPIC conftest.c >&5
configure:8934: $? = 0
configure:8947: result: yes
configure:8976: checking if /project/adams/home/xuyifan/ppopp18_ae/llvm-cilk/bin/clang static flag -static works
configure:9004: result: no
configure:9019: checking if /project/adams/home/xuyifan/ppopp18_ae/llvm-cilk/bin/clang supports -c -o file.o
configure:9040: /project/adams/home/xuyifan/ppopp18_ae/llvm-cilk/bin/clang -c -g -O2  -o out/conftest2.o conftest.c >&5
configure:9044: $? = 0
configure:9066: result: yes
configure:9074: checking if /project/adams/home/xuyifan/ppopp18_ae/llvm-cilk/bin/clang supports -c -o file.o
configure:9121: result: yes
configure:9154: checking whether the /project/adams/home/xuyifan/ppopp18_ae/llvm-cilk/bin/clang linker (/usr/local/bin/ld -m elf_x86_64) supports shared libraries
configure:10307: result: yes
configure:10344: checking whether -lc should be explicitly linked in
configure:10352: /project/adams/home/xuyifan/ppopp18_ae/llvm-cilk/bin/clang -c -g -O2  conftest.c >&5
configure:10355: $? = 0
configure:10370: /project/adams/home/xuyifan/ppopp18_ae/llvm-cilk/bin/clang -shared  -fPIC -DPIC conftest.o  -v -Wl,-soname -Wl,conftest -o conftest 2\>\&1 \| /usr/bin/grep  -lc  \>/dev/null 2\>\&1
configure:10373: $? = 0
configure:10387: result: no
configure:10547: checking dynamic linker characteristics
configure:11058: /project/adams/home/xuyifan/ppopp18_ae/llvm-cilk/bin/clang -o conftest -g -O2   -Wl,-rpath -Wl,/foo conftest.c  >&5
configure:11058: $? = 0
configure:11284: result: GNU/Linux ld.so
configure:11391: checking how to hardcode library paths into programs
configure:11416: result: immediate
configure:11956: checking whether stripping libraries is possible
configure:11961: result: yes
configure:11996: checking if libtool supports shared libraries
configure:11998: result: yes
configure:12001: checking whether to build shared libraries
configure:12022: result: yes
configure:12025: checking whether to build static libraries
configure:12029: result: yes
configure:12052: checking how to run the C++ preprocessor
configure:12079: /project/adams/home/xuyifan/ppopp18_ae/llvm-cilk/bin/clang++ -E  conftest.cpp
configure:12079: $? = 0
configure:12093: /project/adams/home/xuyifan/ppopp18_ae/llvm-cilk/bin/clang++ -E  conftest.cpp
conftest.cpp:21:10: fatal error: 'ac_nonexistent.h' file not found
#include <ac_nonexistent.h>
         ^
1 error generated.
configure:12093: $? = 1
configure: failed program was:
| /* confdefs.h */
| #define PACKAGE_NAME "Cilk Runtime"
| #define PACKAGE_TARNAME "cilk-runtime"
| #define PACKAGE_VERSION "2.0"
| #define PACKAGE_STRING "Cilk Runtime 2.0"
| #define PACKAGE_BUGREPORT "cilk@intel.com"
| #define PACKAGE_URL ""
| #define STDC_HEADERS 1
| #define HAVE_SYS_TYPES_H 1
| #define HAVE_SYS_STAT_H 1
| #define HAVE_STDLIB_H 1
| #define HAVE_STRING_H 1
| #define HAVE_MEMORY_H 1
| #define HAVE_STRINGS_H 1
| #define HAVE_INTTYPES_H 1
| #define HAVE_STDINT_H 1
| #define HAVE_UNISTD_H 1
| #define HAVE_DLFCN_H 1
| #define LT_OBJDIR ".libs/"
| /* end confdefs.h.  */
| #include <ac_nonexistent.h>
configure:12118: result: /project/adams/home/xuyifan/ppopp18_ae/llvm-cilk/bin/clang++ -E
configure:12138: /project/adams/home/xuyifan/ppopp18_ae/llvm-cilk/bin/clang++ -E  conftest.cpp
configure:12138: $? = 0
configure:12152: /project/adams/home/xuyifan/ppopp18_ae/llvm-cilk/bin/clang++ -E  conftest.cpp
conftest.cpp:21:10: fatal error: 'ac_nonexistent.h' file not found
#include <ac_nonexistent.h>
         ^
1 error generated.
configure:12152: $? = 1
configure: failed program was:
| /* confdefs.h */
| #define PACKAGE_NAME "Cilk Runtime"
| #define PACKAGE_TARNAME "cilk-runtime"
| #define PACKAGE_VERSION "2.0"
| #define PACKAGE_STRING "Cilk Runtime 2.0"
| #define PACKAGE_BUGREPORT "cilk@intel.com"
| #define PACKAGE_URL ""
| #define STDC_HEADERS 1
| #define HAVE_SYS_TYPES_H 1
| #define HAVE_SYS_STAT_H 1
| #define HAVE_STDLIB_H 1
| #define HAVE_STRING_H 1
| #define HAVE_MEMORY_H 1
| #define HAVE_STRINGS_H 1
| #define HAVE_INTTYPES_H 1
| #define HAVE_STDINT_H 1
| #define HAVE_UNISTD_H 1
| #define HAVE_DLFCN_H 1
| #define LT_OBJDIR ".libs/"
| /* end confdefs.h.  */
| #include <ac_nonexistent.h>
configure:12321: checking for ld used by /project/adams/home/xuyifan/ppopp18_ae/llvm-cilk/bin/clang++
configure:12388: result: /usr/local/bin/ld -m elf_x86_64
configure:12395: checking if the linker (/usr/local/bin/ld -m elf_x86_64) is GNU ld
configure:12410: result: yes
configure:12465: checking whether the /project/adams/home/xuyifan/ppopp18_ae/llvm-cilk/bin/clang++ linker (/usr/local/bin/ld -m elf_x86_64) supports shared libraries
configure:13470: result: yes
configure:13506: /project/adams/home/xuyifan/ppopp18_ae/llvm-cilk/bin/clang++ -c -g -O2  conftest.cpp >&5
configure:13509: $? = 0
configure:14029: checking for /project/adams/home/xuyifan/ppopp18_ae/llvm-cilk/bin/clang++ option to produce PIC
configure:14036: result: -fPIC -DPIC
configure:14044: checking if /project/adams/home/xuyifan/ppopp18_ae/llvm-cilk/bin/clang++ PIC flag -fPIC -DPIC works
configure:14062: /project/adams/home/xuyifan/ppopp18_ae/llvm-cilk/bin/clang++ -c -g -O2  -fPIC -DPIC -DPIC conftest.cpp >&5
configure:14066: $? = 0
configure:14079: result: yes
configure:14102: checking if /project/adams/home/xuyifan/ppopp18_ae/llvm-cilk/bin/clang++ static flag -static works
configure:14130: result: no
configure:14142: checking if /project/adams/home/xuyifan/ppopp18_ae/llvm-cilk/bin/clang++ supports -c -o file.o
configure:14163: /project/adams/home/xuyifan/ppopp18_ae/llvm-cilk/bin/clang++ -c -g -O2  -o out/conftest2.o conftest.cpp >&5
configure:14167: $? = 0
configure:14189: result: yes
configure:14194: checking if /project/adams/home/xuyifan/ppopp18_ae/llvm-cilk/bin/clang++ supports -c -o file.o
configure:14241: result: yes
configure:14271: checking whether the /project/adams/home/xuyifan/ppopp18_ae/llvm-cilk/bin/clang++ linker (/usr/local/bin/ld -m elf_x86_64) supports shared libraries
configure:14307: result: yes
configure:14448: checking dynamic linker characteristics
configure:15119: result: GNU/Linux ld.so
configure:15172: checking how to hardcode library paths into programs
configure:15197: result: immediate
configure:15406: checking that generated files are newer than configure
configure:15412: result: done
configure:15439: creating ./config.status

## ---------------- ##
## Cache variables. ##
## ---------------- ##

ac_cv_build=x86_64-unknown-linux-gnu
ac_cv_c_compiler_gnu=yes
ac_cv_cxx_compiler_gnu=yes
ac_cv_env_CCC_set=
ac_cv_env_CCC_value=
ac_cv_env_CC_set=set
ac_cv_env_CC_value=/project/adams/home/xuyifan/ppopp18_ae/llvm-cilk/bin/clang
ac_cv_env_CFLAGS_set=
ac_cv_env_CFLAGS_value=
ac_cv_env_CPPFLAGS_set=
ac_cv_env_CPPFLAGS_value=
ac_cv_env_CPP_set=
ac_cv_env_CPP_value=
ac_cv_env_CXXCPP_set=
ac_cv_env_CXXCPP_value=
ac_cv_env_CXXFLAGS_set=
ac_cv_env_CXXFLAGS_value=
ac_cv_env_CXX_set=set
ac_cv_env_CXX_value=/project/adams/home/xuyifan/ppopp18_ae/llvm-cilk/bin/clang++
ac_cv_env_LDFLAGS_set=
ac_cv_env_LDFLAGS_value=
ac_cv_env_LIBS_set=
ac_cv_env_LIBS_value=
ac_cv_env_build_alias_set=
ac_cv_env_build_alias_value=
ac_cv_env_host_alias_set=
ac_cv_env_host_alias_value=
ac_cv_env_target_alias_set=
ac_cv_env_target_alias_value=
ac_cv_header_dlfcn_h=yes
ac_cv_header_inttypes_h=yes
ac_cv_header_memory_h=yes
ac_cv_header_stdc=yes
ac_cv_header_stdint_h=yes
ac_cv_header_stdlib_h=yes
ac_cv_header_string_h=yes
ac_cv_header_strings_h=yes
ac_cv_header_sys_stat_h=yes
ac_cv_header_sys_types_h=yes
ac_cv_header_unistd_h=yes
ac_cv_host=x86_64-unknown-linux-gnu
ac_cv_objext=o
ac_cv_path_EGREP='/usr/bin/grep -E'
ac_cv_path_FGREP='/usr/bin/grep -F'
ac_cv_path_GREP=/usr/bin/grep
ac_cv_path_SED=/usr/bin/sed
ac_cv_path_install='/usr/bin/install -c'
ac_cv_path_mkdir=/usr/bin/mkdir
ac_cv_prog_AWK=gawk
ac_cv_prog_CPP='/project/adams/home/xuyifan/ppopp18_ae/llvm-cilk/bin/clang -E'
ac_cv_prog_CXXCPP='/project/adams/home/xuyifan/ppopp18_ae/llvm-cilk/bin/clang++ -E'
ac_cv_prog_ac_ct_AR=ar
ac_cv_prog_ac_ct_CC=/project/adams/home/xuyifan/ppopp18_ae/llvm-cilk/bin/clang
ac_cv_prog_ac_ct_DLLTOOL=dlltool
ac_cv_prog_ac_ct_OBJDUMP=objdump
ac_cv_prog_ac_ct_RANLIB=ranlib
ac_cv_prog_ac_ct_STRIP=strip
ac_cv_prog_cc_c89=
ac_cv_prog_cc_g=yes
ac_cv_prog_cxx_g=yes
ac_cv_prog_make_make_set=yes
am_cv_CC_dependencies_compiler_type=gcc3
am_cv_CXX_dependencies_compiler_type=gcc3
am_cv_make_support_nested_variables=yes
lt_cv_ar_at_file=@
lt_cv_archive_cmds_need_lc=no
lt_cv_deplibs_check_method=pass_all
lt_cv_file_magic_cmd='$MAGIC_CMD'
lt_cv_file_magic_test_file=
lt_cv_ld_reload_flag=-r
lt_cv_nm_interface='BSD nm'
lt_cv_objdir=.libs
lt_cv_path_LD=/usr/local/bin/ld
lt_cv_path_LDCXX='/usr/local/bin/ld -m elf_x86_64'
lt_cv_path_NM='/usr/local/bin/nm -B'
lt_cv_path_mainfest_tool=no
lt_cv_prog_compiler_c_o=yes
lt_cv_prog_compiler_c_o_CXX=yes
lt_cv_prog_compiler_pic='-fPIC -DPIC'
lt_cv_prog_compiler_pic_CXX='-fPIC -DPIC'
lt_cv_prog_compiler_pic_works=yes
lt_cv_prog_compiler_pic_works_CXX=yes
lt_cv_prog_compiler_rtti_exceptions=yes
lt_cv_prog_compiler_static_works=no
lt_cv_prog_compiler_static_works_CXX=no
lt_cv_prog_gnu_ld=yes
lt_cv_prog_gnu_ldcxx=yes
lt_cv_sharedlib_from_linklib_cmd='printf %s\n'
lt_cv_shlibpath_overrides_runpath=yes
lt_cv_sys_global_symbol_pipe='sed -n -e '\''s/^.*[	 ]\([ABCDGIRSTW][ABCDGIRSTW]*\)[	 ][	 ]*\([_A-Za-z][_A-Za-z0-9]*\)$/\1 \2 \2/p'\'' | sed '\''/ __gnu_lto/d'\'''
lt_cv_sys_global_symbol_to_c_name_address='sed -n -e '\''s/^: \([^ ]*\)[ ]*$/  {\"\1\", (void *) 0},/p'\'' -e '\''s/^[ABCDGIRSTW]* \([^ ]*\) \([^ ]*\)$/  {"\2", (void *) \&\2},/p'\'''
lt_cv_sys_global_symbol_to_c_name_address_lib_prefix='sed -n -e '\''s/^: \([^ ]*\)[ ]*$/  {\"\1\", (void *) 0},/p'\'' -e '\''s/^[ABCDGIRSTW]* \([^ ]*\) \(lib[^ ]*\)$/  {"\2", (void *) \&\2},/p'\'' -e '\''s/^[ABCDGIRSTW]* \([^ ]*\) \([^ ]*\)$/  {"lib\2", (void *) \&\2},/p'\'''
lt_cv_sys_global_symbol_to_cdecl='sed -n -e '\''s/^T .* \(.*\)$/extern int \1();/p'\'' -e '\''s/^[ABCDGIRSTW]* .* \(.*\)$/extern char \1;/p'\'''
lt_cv_sys_max_cmd_len=1572864
lt_cv_to_host_file_cmd=func_convert_file_noop
lt_cv_to_tool_file_cmd=func_convert_file_noop

## ----------------- ##
## Output variables. ##
## ----------------- ##

ACLOCAL='${SHELL} /project/adams/home/xuyifan/for-ppopp18-ae/batched-piper/missing aclocal-1.13'
AMDEPBACKSLASH='\'
AMDEP_FALSE='#'
AMDEP_TRUE=''
AMTAR='$${TAR-tar}'
AM_BACKSLASH='\'
AM_DEFAULT_V='$(AM_DEFAULT_VERBOSITY)'
AM_DEFAULT_VERBOSITY='1'
AM_V='$(V)'
AR='ar'
AS='as'
AUTOCONF='${SHELL} /project/adams/home/xuyifan/for-ppopp18-ae/batched-piper/missing autoconf'
AUTOHEADER='${SHELL} /project/adams/home/xuyifan/for-ppopp18-ae/batched-piper/missing autoheader'
AUTOMAKE='${SHELL} /project/adams/home/xuyifan/for-ppopp18-ae/batched-piper/missing automake-1.13'
AWK='gawk'
CC='/project/adams/home/xuyifan/ppopp18_ae/llvm-cilk/bin/clang'
CCDEPMODE='depmode=gcc3'
CFLAGS='-g -O2'
CPP='/project/adams/home/xuyifan/ppopp18_ae/llvm-cilk/bin/clang -E'
CPPFLAGS=''
CXX='/project/adams/home/xuyifan/ppopp18_ae/llvm-cilk/bin/clang++'
CXXCPP='/project/adams/home/xuyifan/ppopp18_ae/llvm-cilk/bin/clang++ -E'
CXXDEPMODE='depmode=gcc3'
CXXFLAGS='-g -O2'
CYGPATH_W='echo'
DEFS='-DPACKAGE_NAME=\"Cilk\ Runtime\" -DPACKAGE_TARNAME=\"cilk-runtime\" -DPACKAGE_VERSION=\"2.0\" -DPACKAGE_STRING=\"Cilk\ Runtime\ 2.0\" -DPACKAGE_BUGREPORT=\"cilk@intel.com\" -DPACKAGE_URL=\"\" -DSTDC_HEADERS=1 -DHAVE_SYS_TYPES_H=1 -DHAVE_SYS_STAT_H=1 -DHAVE_STDLIB_H=1 -DHAVE_STRING_H=1 -DHAVE_MEMORY_H=1 -DHAVE_STRINGS_H=1 -DHAVE_INTTYPES_H=1 -DHAVE_STDINT_H=1 -DHAVE_UNISTD_H=1 -DHAVE_DLFCN_H=1 -DLT_OBJDIR=\".libs/\"'
DEPDIR='.deps'
DLLTOOL='dlltool'
DSYMUTIL=''
DUMPBIN=''
ECHO_C=''
ECHO_N='-n'
ECHO_T=''
EGREP='/usr/bin/grep -E'
EXEEXT=''
FGREP='/usr/bin/grep -F'
GREP='/usr/bin/grep'
INSTALL_DATA='${INSTALL} -m 644'
INSTALL_PROGRAM='${INSTALL}'
INSTALL_SCRIPT='${INSTALL}'
INSTALL_STRIP_PROGRAM='$(install_sh) -c -s'
LD='/usr/local/bin/ld -m elf_x86_64'
LDFLAGS=''
LIBOBJS=''
LIBS=''
LIBTOOL='$(SHELL) $(top_builddir)/libtool'
LIPO=''
LN_S='ln -s'
LTLIBOBJS=''
MAKEINFO='${SHELL} /project/adams/home/xuyifan/for-ppopp18-ae/batched-piper/missing makeinfo'
MANIFEST_TOOL=':'
MKDIR_P='/usr/bin/mkdir -p'
NM='/usr/local/bin/nm -B'
NMEDIT=''
OBJDUMP='objdump'
OBJEXT='o'
OTOOL64=''
OTOOL=''
PACKAGE='cilk-runtime'
PACKAGE_BUGREPORT='cilk@intel.com'
PACKAGE_NAME='Cilk Runtime'
PACKAGE_STRING='Cilk Runtime 2.0'
PACKAGE_TARNAME='cilk-runtime'
PACKAGE_URL=''
PACKAGE_VERSION='2.0'
PATH_SEPARATOR=':'
RANLIB='ranlib'
SED='/usr/bin/sed'
SET_MAKE=''
SHELL='/bin/sh'
STRIP='strip'
VERSION='2.0'
ac_ct_AR='ar'
ac_ct_CC='/project/adams/home/xuyifan/ppopp18_ae/llvm-cilk/bin/clang'
ac_ct_CXX=''
ac_ct_DUMPBIN=''
am__EXEEXT_FALSE=''
am__EXEEXT_TRUE='#'
am__fastdepCC_FALSE='#'
am__fastdepCC_TRUE=''
am__fastdepCXX_FALSE='#'
am__fastdepCXX_TRUE=''
am__include='include'
am__isrc=''
am__leading_dot='.'
am__nodep='_no'
am__quote=''
am__tar='$${TAR-tar} chof - "$$tardir"'
am__untar='$${TAR-tar} xf -'
bindir='${exec_prefix}/bin'
build='x86_64-unknown-linux-gnu'
build_alias=''
build_cpu='x86_64'
build_os='linux-gnu'
build_vendor='unknown'
datadir='${datarootdir}'
datarootdir='${prefix}/share'
docdir='${datarootdir}/doc/${PACKAGE_TARNAME}'
dvidir='${docdir}'
exec_prefix='${prefix}'
host='x86_64-unknown-linux-gnu'
host_alias=''
host_cpu='x86_64'
host_os='linux-gnu'
host_vendor='unknown'
htmldir='${docdir}'
includedir='${prefix}/include'
infodir='${datarootdir}/info'
install_sh='${SHELL} /project/adams/home/xuyifan/for-ppopp18-ae/batched-piper/install-sh'
libdir='${exec_prefix}/lib'
libexecdir='${exec_prefix}/libexec'
localedir='${datarootdir}/locale'
localstatedir='${prefix}/var'
mandir='${datarootdir}/man'
mkdir_p='$(MKDIR_P)'
oldincludedir='/usr/include'
pdfdir='${docdir}'
prefix='/project/adams/home/xuyifan/ppopp18_ae/piper-rts'
program_transform_name='s,x,x,'
psdir='${docdir}'
sbindir='${exec_prefix}/sbin'
sharedstatedir='${prefix}/com'
sysconfdir='${prefix}/etc'
target_alias=''

## ----------- ##
## confdefs.h. ##
## ----------- ##

/* confdefs.h */
#define PACKAGE_NAME "Cilk Runtime"
#define PACKAGE_TARNAME "cilk-runtime"
#define PACKAGE_VERSION "2.0"
#define PACKAGE_STRING "Cilk Runtime 2.0"
#define PACKAGE_BUGREPORT "cilk@intel.com"
#define PACKAGE_URL ""
#define STDC_HEADERS 1
#define HAVE_SYS_TYPES_H 1
#define HAVE_SYS_STAT_H 1
#define HAVE_STDLIB_H 1
#define HAVE_STRING_H 1
#define HAVE_MEMORY_H 1
#define HAVE_STRINGS_H 1
#define HAVE_INTTYPES_H 1
#define HAVE_STDINT_H 1
#define HAVE_UNISTD_H 1
#define HAVE_DLFCN_H 1
#define LT_OBJDIR ".libs/"

configure: exit 0

## ---------------------- ##
## Running config.status. ##
## ---------------------- ##

This file was extended by Cilk Runtime config.status 2.0, which was
generated by GNU Autoconf 2.69.  Invocation command line was

  CONFIG_FILES    = 
  CONFIG_HEADERS  = 
  CONFIG_LINKS    = 
  CONFIG_COMMANDS = 
  $ ./config.status 

on adams.cse.wustl.edu

config.status:1067: creating Makefile
config.status:1239: executing depfiles commands
config.status:1239: executing libtool commands
